[2024-05-17T09:58:45.876Z] All products fetched successfully.
[2024-05-17T10:03:01.203Z] All products fetched successfully.
[2024-05-17T10:20:17.580Z] Logged Out
[2024-05-17T10:20:24.568Z] Logged Out
[2024-05-17T10:31:04.057Z] Order created successfully
[2024-05-17T11:10:58.582Z] User orders retrieved
[2024-05-17T11:21:41.732Z] Order created successfully
[2024-05-17T11:21:52.511Z] User orders retrieved
[2024-05-17T11:23:24.414Z] Order created successfully
[2024-05-17T11:23:40.109Z] User orders retrieved
[2024-05-17T11:27:23.570Z] User orders retrieved
[2024-05-20T06:59:43.145Z] Order created successfully
[2024-05-20T07:23:04.469Z] Product details retrieved successfully
[2024-05-20T07:23:19.705Z] Order created successfully
[2024-05-20T07:37:07.264Z] Order created successfully
[2024-05-20T07:44:30.760Z] User orders retrieved
[2024-05-20T07:45:04.389Z] Order created successfully
[2024-05-20T07:45:27.740Z] User orders retrieved
[2024-05-20T07:47:33.175Z] Order created successfully
[2024-05-20T07:48:53.518Z] Order updated successfully
[2024-05-20T10:32:28.964Z] User orders retrieved
[2024-05-20T10:44:07.660Z] Order created successfully
[2024-05-20T10:44:18.139Z] User orders retrieved
[2024-05-20T10:49:41.577Z] User orders retrieved
[2024-05-21T05:38:14.309Z] Logged Out
[2024-05-21T05:38:16.634Z] Logged Out
[2024-05-21T05:59:27.201Z] Products retrieved successfully
[2024-05-21T07:20:37.960Z] User orders retrieved
[2024-05-23T05:52:20.128Z] User has been registered.
[2024-05-23T05:53:50.780Z] User has been registered.
[2024-05-23T05:54:28.295Z] Products retrieved successfully
[2024-05-23T05:54:47.519Z] Products retrieved successfully
[Thu May 23 2024] Products retrieved successfully
[23/5/2024] Products retrieved successfully
[23/5/2024, 12:52:57 pm] Products retrieved successfully
[28/5/2024, 10:24:14 am] User logged in successfully
[28/5/2024, 10:24:53 am] Products retrieved successfully
